Apr 19 12:11:56 Thiagos-Mac com.apple.dt.xcodebuild[97418] <Error>: Unable to deliver request ({
	    "developer_dir" = "/Users/thiagohenrique/Downloads/Xcode_2.app/Contents/Developer";
	    request = "set_developer_dir";
	}) because we are not connected to CoreSimulatorService.
Apr 19 12:11:56 Thiagos-Mac com.apple.dt.xcodebuild[97418] <Error>: Lost connection to com.apple.CoreSimulator.SimLaunchHost-arm64 (invalidated: Connection init failed at lookup with error 159 - Sandbox restriction)
Apr 19 12:11:56 Thiagos-Mac com.apple.dt.xcodebuild[97418] <Error>: Lost connection to com.apple.CoreSimulator.SimLaunchHost-arm64 (invalidated: Connection init failed at lookup with error 159 - Sandbox restriction)
Apr 19 12:11:56 Thiagos-Mac com.apple.dt.xcodebuild[97418] <Error>: Failed to load liblaunch for runtime com.apple.CoreSimulator.SimRuntime.iOS-15-0: Error Domain=NSPOSIXErrorDomain Code=53 "Software caused connection abort" UserInfo={NSLocalizedFailureReason=XPC error talking to SimLaunchHostService: <dictionary: 0x208efc3d0> { count = 1, transaction: 0, voucher = 0x0, contents =
		"XPCErrorDescription" => <string: 0x208efc518> { string cache = 0x0, length = 18, contents = "Connection invalid" }
	}}
Apr 19 12:11:56 Thiagos-Mac com.apple.dt.xcodebuild[97418] <Error>: Failed to setup launchHostClient for runtime com.apple.CoreSimulator.SimRuntime.iOS-15-0: Error Domain=NSPOSIXErrorDomain Code=53 "Software caused connection abort" UserInfo={NSLocalizedFailureReason=XPC error talking to SimLaunchHostService: <dictionary: 0x208efc3d0> { count = 1, transaction: 0, voucher = 0x0, contents =
		"XPCErrorDescription" => <string: 0x208efc518> { string cache = 0x0, length = 18, contents = "Connection invalid" }
	}}
Apr 19 12:11:56 Thiagos-Mac com.apple.dt.xcodebuild[97418] <Error>: Failed to unload libLaunch instance (null) from com.apple.CoreSimulator.SimLaunchHost-arm64: <OS_xpc_error: <dictionary: 0x208efc3d0> { count = 1, transaction: 0, voucher = 0x0, contents =
		"XPCErrorDescription" => <string: 0x208efc518> { string cache = 0x0, length = 18, contents = "Connection invalid" }
	}>
Apr 19 12:11:56 Thiagos-Mac com.apple.dt.xcodebuild[97418] <Error>: Failed to unload libLaunch instance (null) from com.apple.CoreSimulator.SimLaunchHost-arm64: <OS_xpc_error: <dictionary: 0x208efc3d0> { count = 1, transaction: 0, voucher = 0x0, contents =
		"XPCErrorDescription" => <string: 0x208efc518> { string cache = 0x0, length = 18, contents = "Connection invalid" }
	}>
Apr 19 12:11:56 Thiagos-Mac com.apple.dt.xcodebuild[97418] <Error>: Failed to unload libLaunch instance (null) from com.apple.CoreSimulator.SimLaunchHost-arm64: <OS_xpc_error: <dictionary: 0x208efc3d0> { count = 1, transaction: 0, voucher = 0x0, contents =
		"XPCErrorDescription" => <string: 0x208efc518> { string cache = 0x0, length = 18, contents = "Connection invalid" }
	}>
Apr 19 12:11:56 Thiagos-Mac com.apple.dt.xcodebuild[97418] <Error>: Failed to setup launchHostClient for runtime com.apple.CoreSimulator.SimRuntime.iOS-15-2: Error Domain=NSPOSIXErrorDomain Code=53 "Software caused connection abort" UserInfo={NSLocalizedFailureReason=XPC error talking to SimLaunchHostService: <dictionary: 0x208efc3d0> { count = 1, transaction: 0, voucher = 0x0, contents =
		"XPCErrorDescription" => <string: 0x208efc518> { string cache = 0x0, length = 18, contents = "Connection invalid" }
	}}
Apr 19 12:11:56 Thiagos-Mac com.apple.dt.xcodebuild[97418] <Error>: Failed to load liblaunch for runtime com.apple.CoreSimulator.SimRuntime.iOS-15-2: Error Domain=NSPOSIXErrorDomain Code=53 "Software caused connection abort" UserInfo={NSLocalizedFailureReason=XPC error talking to SimLaunchHostService: <dictionary: 0x208efc3d0> { count = 1, transaction: 0, voucher = 0x0, contents =
		"XPCErrorDescription" => <string: 0x208efc518> { string cache = 0x0, length = 18, contents = "Connection invalid" }
	}}
Apr 19 12:11:56 Thiagos-Mac com.apple.dt.xcodebuild[97418] <Error>: Unable to deliver request ({
	    request = "get_runtime_sdk_map";
	}) because we are not connected to CoreSimulatorService.
Apr 19 12:11:56 Thiagos-Mac com.apple.dt.xcodebuild[97418] <Error>: Failed to load runtime matching data from server: Error Domain=NSPOSIXErrorDomain Code=61 "Connection refused" UserInfo={NSLocalizedDescription=CoreSimulatorService connection became invalid.  Simulator services will no longer be available.}
Apr 19 12:11:56 Thiagos-Mac com.apple.dt.xcodebuild[97418] <Error>: Failed to setup launchHostClient for runtime com.apple.CoreSimulator.SimRuntime.watchOS-8-0: Error Domain=NSPOSIXErrorDomain Code=53 "Software caused connection abort" UserInfo={NSLocalizedFailureReason=XPC error talking to SimLaunchHostService: <dictionary: 0x208efc3d0> { count = 1, transaction: 0, voucher = 0x0, contents =
		"XPCErrorDescription" => <string: 0x208efc518> { string cache = 0x0, length = 18, contents = "Connection invalid" }
	}}
Apr 19 12:11:56 Thiagos-Mac com.apple.dt.xcodebuild[97418] <Error>: Failed to load liblaunch for runtime com.apple.CoreSimulator.SimRuntime.watchOS-8-0: Error Domain=NSPOSIXErrorDomain Code=53 "Software caused connection abort" UserInfo={NSLocalizedFailureReason=XPC error talking to SimLaunchHostService: <dictionary: 0x208efc3d0> { count = 1, transaction: 0, voucher = 0x0, contents =
		"XPCErrorDescription" => <string: 0x208efc518> { string cache = 0x0, length = 18, contents = "Connection invalid" }
	}}
Apr 19 12:11:56 Thiagos-Mac com.apple.dt.xcodebuild[97418] <Error>: simdiskimaged returned error (invalid), marking disconnected.
Apr 19 12:11:56 Thiagos-Mac com.apple.dt.xcodebuild[97418] <Error>: Could not kickstart simdiskimaged; SimDiskImageManager services will not be available: Error Domain=NSPOSIXErrorDomain Code=53 "Software caused connection abort" UserInfo={NSLocalizedDescription=Error returned in reply from CoreSimulatorService: Connection invalid}
Apr 19 12:11:56 Thiagos-Mac com.apple.dt.xcodebuild[97418] <Error>: Unable to deliver request ({
	    request = "notification_subscription";
	    "set_path" = "/Users/thiagohenrique/Library/Developer/CoreSimulator/Devices";
	}) because we are not connected to CoreSimulatorService.
Apr 19 12:11:56 Thiagos-Mac com.apple.dt.xcodebuild[97418] <Error>: simdiskimaged returned error (invalid), marking disconnected.
Apr 19 12:11:56 Thiagos-Mac com.apple.dt.xcodebuild[97418] <Error>: Could not get list of trusted mount directories: Error Domain=com.apple.CoreSimulator.SimError Code=410 "The service used to manage runtime disk images (simdiskimaged) crashed or is not responding" UserInfo={NSLocalizedDescription=The service used to manage runtime disk images (simdiskimaged) crashed or is not responding}
Apr 19 12:11:56 Thiagos-Mac com.apple.dt.xcodebuild[97418] <Error>: Unable to deliver request ({
	    request = "notification_subscription";
	    "set_path" = "/Users/thiagohenrique/Library/Developer/CoreSimulator/Devices";
	}) because we are not connected to CoreSimulatorService.
